TN:
SF:src/client.ts
FN:19,(anonymous_0)
FN:41,(anonymous_1)
FNF:2
FNH:2
FNDA:52,(anonymous_0)
FNDA:50,(anonymous_1)
DA:1,2
DA:2,2
DA:3,2
DA:11,2
DA:20,52
DA:21,2
DA:24,50
DA:25,18
DA:28,32
DA:29,32
DA:30,32
DA:32,32
DA:38,32
DA:44,50
DA:45,50
LF:15
LH:15
BRDA:19,0,0,2
BRDA:20,1,0,2
BRDA:20,2,0,52
BRDA:20,2,1,50
BRDA:24,3,0,18
BRDA:29,4,0,32
BRDA:29,4,1,32
BRDA:30,5,0,32
BRDA:30,5,1,32
BRF:9
BRH:9
end_of_record
TN:
SF:src/constants/test-numbers.ts
FN:214,isTestNumber
FN:223,getTestNumberInfo
FN:232,getTestNumbersByCategory
FN:234,(anonymous_3)
FN:235,(anonymous_4)
FN:242,getErrorTestNumbers
FN:250,getSuccessTestNumbers
FNF:7
FNH:0
FNDA:0,isTestNumber
FNDA:0,getTestNumberInfo
FNDA:0,getTestNumbersByCategory
FNDA:0,(anonymous_3)
FNDA:0,(anonymous_4)
FNDA:0,getErrorTestNumbers
FNDA:0,getSuccessTestNumbers
DA:12,0
DA:98,0
DA:214,0
DA:215,0
DA:223,0
DA:224,0
DA:232,0
DA:233,0
DA:234,0
DA:235,0
DA:242,0
DA:243,0
DA:250,0
DA:251,0
LF:14
LH:0
BRF:0
BRH:0
end_of_record
TN:
SF:src/errors/api-error.ts
FN:6,(anonymous_0)
FNF:1
FNH:1
FNDA:6,(anonymous_0)
DA:1,4
DA:3,4
DA:7,6
DA:8,6
DA:9,6
LF:5
LH:5
BRF:0
BRH:0
end_of_record
TN:
SF:src/errors/authentication-error.ts
FN:6,(anonymous_0)
FNF:1
FNH:1
FNDA:2,(anonymous_0)
DA:1,3
DA:3,3
DA:7,2
DA:8,2
DA:9,2
LF:5
LH:5
BRDA:6,0,0,0
BRF:1
BRH:0
end_of_record
TN:
SF:src/errors/base-error.ts
FN:4,(anonymous_0)
FNF:1
FNH:1
FNDA:45,(anonymous_0)
DA:1,4
DA:5,45
DA:6,45
DA:7,45
LF:4
LH:4
BRF:0
BRH:0
end_of_record
TN:
SF:src/errors/rate-limit-error.ts
FN:7,(anonymous_0)
FNF:1
FNH:1
FNDA:1,(anonymous_0)
DA:1,3
DA:3,3
DA:8,1
DA:9,1
DA:10,1
DA:11,1
LF:6
LH:6
BRDA:7,0,0,0
BRF:1
BRH:0
end_of_record
TN:
SF:src/errors/validation-error.ts
FN:4,(anonymous_0)
FNF:1
FNH:1
FNDA:36,(anonymous_0)
DA:1,2
DA:3,2
DA:5,36
DA:6,36
LF:4
LH:4
BRF:0
BRH:0
end_of_record
TN:
SF:src/resources/sms.ts
FN:36,(anonymous_0)
FN:38,(anonymous_1)
FN:68,(anonymous_2)
FN:162,(anonymous_3)
FN:167,(anonymous_4)
FN:211,(anonymous_5)
FN:216,(anonymous_6)
FNF:7
FNH:7
FNDA:34,(anonymous_0)
FNDA:34,(anonymous_1)
FNDA:34,(anonymous_2)
FNDA:34,(anonymous_3)
FNDA:6,(anonymous_4)
FNDA:6,(anonymous_5)
FNDA:16,(anonymous_6)
DA:1,2
DA:35,2
DA:36,34
DA:39,34
DA:42,19
DA:43,1
DA:44,1
DA:45,1
DA:51,18
DA:56,18
DA:57,18
DA:58,18
DA:59,18
DA:60,18
DA:61,18
DA:62,2
DA:63,18
DA:65,18
DA:69,34
DA:70,1
DA:74,33
DA:78,2
DA:81,31
DA:82,1
DA:86,30
DA:87,1
DA:91,29
DA:92,7
DA:93,1
DA:96,6
DA:97,8
DA:98,1
DA:101,7
DA:102,1
DA:108,26
DA:109,5
DA:110,1
DA:113,4
DA:114,1
DA:118,24
DA:119,3
DA:120,1
DA:123,2
DA:124,0
DA:129,23
DA:130,5
DA:131,1
DA:134,4
DA:135,10
DA:136,1
DA:139,9
DA:140,1
DA:146,20
DA:147,9
DA:154,9
DA:155,1
DA:163,34
DA:164,34
DA:168,6
DA:170,6
DA:171,1
DA:173,5
DA:174,1
DA:176,4
DA:177,2
DA:181,2
DA:182,2
DA:183,2
DA:204,1
DA:208,1
DA:212,6
DA:213,6
DA:217,16
DA:218,16
DA:219,13
DA:221,3
LF:76
LH:75
BRDA:42,0,0,1
BRDA:42,1,0,19
BRDA:42,1,1,2
BRDA:44,2,0,1
BRDA:53,3,0,18
BRDA:53,3,1,10
BRDA:56,4,0,1
BRDA:57,5,0,17
BRDA:58,6,0,4
BRDA:59,7,0,3
BRDA:60,8,0,3
BRDA:61,9,0,2
BRDA:63,10,0,2
BRDA:69,11,0,1
BRDA:74,12,0,2
BRDA:75,13,0,33
BRDA:75,13,1,3
BRDA:75,13,2,1
BRDA:81,14,0,1
BRDA:86,15,0,1
BRDA:86,16,0,30
BRDA:86,16,1,3
BRDA:91,17,0,7
BRDA:92,18,0,1
BRDA:97,19,0,1
BRDA:101,20,0,1
BRDA:108,21,0,5
BRDA:109,22,0,1
BRDA:113,23,0,1
BRDA:118,24,0,3
BRDA:119,25,0,1
BRDA:123,26,0,0
BRDA:129,27,0,5
BRDA:130,28,0,1
BRDA:135,29,0,1
BRDA:135,30,0,10
BRDA:135,30,1,9
BRDA:139,31,0,1
BRDA:146,32,0,9
BRDA:154,33,0,1
BRDA:170,34,0,1
BRDA:173,35,0,1
BRDA:176,36,0,2
BRDA:181,37,0,2
BRDA:183,38,0,1
BRF:45
BRH:44
end_of_record
TN:
SF:src/utils/http-client.ts
FN:16,(anonymous_1)
FN:18,(anonymous_2)
FN:22,(anonymous_3)
FN:36,(anonymous_4)
FN:52,(anonymous_5)
FN:139,(anonymous_6)
FN:144,(anonymous_7)
FN:153,(anonymous_8)
FN:154,(anonymous_9)
FNF:9
FNH:9
FNDA:46,(anonymous_1)
FNDA:26,(anonymous_2)
FNDA:8,(anonymous_3)
FNDA:2,(anonymous_4)
FNDA:34,(anonymous_5)
FNDA:15,(anonymous_6)
FNDA:8,(anonymous_7)
FNDA:1,(anonymous_8)
FNDA:1,(anonymous_9)
DA:1,3
DA:2,3
DA:3,3
DA:4,3
DA:12,3
DA:13,46
DA:14,46
DA:16,46
DA:19,26
DA:26,8
DA:29,8
DA:30,3
DA:32,3
DA:33,9
DA:34,7
DA:36,2
DA:38,6
DA:43,3
DA:44,3
DA:45,3
DA:49,8
DA:57,34
DA:59,34
DA:60,42
DA:61,42
DA:71,42
DA:72,27
DA:77,15
DA:78,15
DA:80,1
DA:84,15
DA:88,8
DA:89,8
DA:90,8
DA:94,7
DA:95,1
DA:102,6
DA:103,2
DA:108,4
DA:116,7
DA:121,7
DA:125,0
DA:126,0
DA:127,0
DA:128,0
DA:131,0
DA:136,0
DA:141,15
DA:145,8
DA:146,1
DA:150,7
DA:154,1
DA:155,1
LF:53
LH:47
BRDA:29,0,0,3
BRDA:33,1,0,7
BRDA:33,2,0,9
BRDA:33,2,1,8
BRDA:34,3,0,1
BRDA:34,3,1,6
BRDA:44,4,0,3
BRDA:68,5,0,33
BRDA:68,5,1,9
BRDA:71,6,0,27
BRDA:84,7,0,8
BRDA:85,8,0,15
BRDA:85,8,1,9
BRDA:94,9,0,1
BRDA:94,9,1,6
BRDA:96,10,0,1
BRDA:96,10,1,0
BRDA:98,11,0,0
BRDA:98,11,1,0
BRDA:102,12,0,2
BRDA:102,12,1,4
BRDA:102,13,0,6
BRDA:102,13,1,4
BRDA:104,14,0,2
BRDA:104,14,1,0
BRDA:109,15,0,4
BRDA:109,15,1,0
BRDA:116,16,0,7
BRDA:117,17,0,7
BRDA:117,17,1,6
BRDA:117,17,2,2
BRDA:125,18,0,0
BRDA:141,19,0,15
BRDA:141,19,1,7
BRDA:141,19,2,1
BRDA:145,20,0,1
BRF:36
BRH:30
end_of_record
